textBox1_TextChanged:
System.NullReferenceException: Object reference not set to an instance of an object.
   at Project.Log_in.btn_submit_Click(Object sender, EventArgs e) in c:\Users\INFINITY\Desktop\Project\Project\Log_in.cs:line 51

textBox1_TextChanged:
System.NullReferenceException: Object reference not set to an instance of an object.
   at Project.Log_in.btn_submit_Click(Object sender, EventArgs e) in c:\Users\INFINITY\Desktop\Project\Project\Log_in.cs:line 51

textBox1_TextChanged:
System.NullReferenceException: Object reference not set to an instance of an object.
   at Project.Log_in.btn_submit_Click(Object sender, EventArgs e) in c:\Users\INFINITY\Desktop\Project\Project\Log_in.cs:line 51

textBox1_TextChanged:
System.NullReferenceException: Object reference not set to an instance of an object.
   at Project.Log_in.btn_submit_Click(Object sender, EventArgs e) in c:\Users\INFINITY\Desktop\Project\Project\Log_in.cs:line 51

textBox1_TextChanged:
System.NullReferenceException: Object reference not set to an instance of an object.
   at Project.Log_in.btn_submit_Click(Object sender, EventArgs e) in c:\Users\INFINITY\Desktop\Project\Project\Log_in.cs:line 51

textBox1_TextChanged:
System.NullReferenceException: Object reference not set to an instance of an object.
   at Project.Log_in.btn_submit_Click(Object sender, EventArgs e) in c:\Users\INFINITY\Desktop\Project\Project\Log_in.cs:line 51

textBox1_TextChanged:
System.NullReferenceException: Object reference not set to an instance of an object.
   at Project.Log_in.btn_submit_Click(Object sender, EventArgs e) in c:\Users\INFINITY\Desktop\Project\Project\Log_in.cs:line 51

textBox1_TextChanged:
System.NullReferenceException: Object reference not set to an instance of an object.
   at Project.Log_in.btn_submit_Click(Object sender, EventArgs e) in c:\Users\INFINITY\Desktop\Project\Project\Log_in.cs:line 51

textBox1_TextChanged:
System.NullReferenceException: Object reference not set to an instance of an object.
   at Project.Log_in.btn_submit_Click(Object sender, EventArgs e) in c:\Users\INFINITY\Desktop\Project\Project\Log_in.cs:line 51

textBox1_TextChanged:
System.IndexOutOfRangeException: Index was outside the bounds of the array.
   at System.Windows.Forms.ListBox.ItemArray.GetItem(Int32 virtualIndex, Int32 stateMask)
   at System.Windows.Forms.ListBox.SelectedObjectCollection.get_Item(Int32 index)
   at Project.Log_in.btn_submit_Click(Object sender, EventArgs e) in c:\Users\INFINITY\Desktop\Project\Project\Log_in.cs:line 51

textBox1_TextChanged:
System.IndexOutOfRangeException: Index was outside the bounds of the array.
   at System.Windows.Forms.ListBox.ItemArray.GetItem(Int32 virtualIndex, Int32 stateMask)
   at System.Windows.Forms.ListBox.SelectedObjectCollection.get_Item(Int32 index)
   at Project.Log_in.btn_submit_Click(Object sender, EventArgs e) in c:\Users\INFINITY\Desktop\Project\Project\Log_in.cs:line 51

textBox1_TextChanged:
System.IndexOutOfRangeException: Index was outside the bounds of the array.
   at System.Windows.Forms.ListBox.ItemArray.GetItem(Int32 virtualIndex, Int32 stateMask)
   at System.Windows.Forms.ListBox.SelectedObjectCollection.get_Item(Int32 index)
   at Project.Log_in.btn_submit_Click(Object sender, EventArgs e) in c:\Users\INFINITY\Desktop\Project\Project\Log_in.cs:line 51

textBox1_TextChanged:
System.IndexOutOfRangeException: Index was outside the bounds of the array.
   at System.Windows.Forms.ListBox.ItemArray.GetItem(Int32 virtualIndex, Int32 stateMask)
   at System.Windows.Forms.ListBox.SelectedObjectCollection.get_Item(Int32 index)
   at Project.Log_in.btn_submit_Click(Object sender, EventArgs e) in c:\Users\INFINITY\Desktop\Project\Project\Log_in.cs:line 51

textBox1_TextChanged:
System.IndexOutOfRangeException: Index was outside the bounds of the array.
   at System.Windows.Forms.ListBox.ItemArray.GetItem(Int32 virtualIndex, Int32 stateMask)
   at System.Windows.Forms.ListBox.SelectedObjectCollection.get_Item(Int32 index)
   at Project.Log_in.btn_submit_Click(Object sender, EventArgs e) in c:\Users\INFINITY\Desktop\Project\Project\Log_in.cs:line 51

textBox1_TextChanged:
System.IndexOutOfRangeException: Index was outside the bounds of the array.
   at System.Windows.Forms.ListBox.ItemArray.GetItem(Int32 virtualIndex, Int32 stateMask)
   at System.Windows.Forms.ListBox.SelectedObjectCollection.get_Item(Int32 index)
   at Project.Log_in.btn_submit_Click(Object sender, EventArgs e) in c:\Users\INFINITY\Desktop\Project\Project\Log_in.cs:line 51

textBox1_TextChanged:
System.IndexOutOfRangeException: Index was outside the bounds of the array.
   at System.Windows.Forms.ListBox.ItemArray.GetItem(Int32 virtualIndex, Int32 stateMask)
   at System.Windows.Forms.ListBox.SelectedObjectCollection.get_Item(Int32 index)
   at Project.Log_in.btn_submit_Click(Object sender, EventArgs e) in c:\Users\INFINITY\Desktop\Project\Project\Log_in.cs:line 51

textBox1_TextChanged:
System.IndexOutOfRangeException: Index was outside the bounds of the array.
   at System.Windows.Forms.ListBox.ItemArray.GetItem(Int32 virtualIndex, Int32 stateMask)
   at System.Windows.Forms.ListBox.SelectedObjectCollection.get_Item(Int32 index)
   at Project.Log_in.btn_submit_Click(Object sender, EventArgs e) in c:\Users\INFINITY\Desktop\Project\Project\Log_in.cs:line 51

textBox1_TextChanged:
System.IndexOutOfRangeException: Index was outside the bounds of the array.
   at System.Windows.Forms.ListBox.ItemArray.GetItem(Int32 virtualIndex, Int32 stateMask)
   at System.Windows.Forms.ListBox.SelectedObjectCollection.get_Item(Int32 index)
   at Project.Log_in.btn_submit_Click(Object sender, EventArgs e) in c:\Users\INFINITY\Desktop\Project\Project\Log_in.cs:line 51

textBox1_TextChanged:
System.IndexOutOfRangeException: Index was outside the bounds of the array.
   at System.Windows.Forms.ListBox.ItemArray.GetItem(Int32 virtualIndex, Int32 stateMask)
   at System.Windows.Forms.ListBox.SelectedObjectCollection.get_Item(Int32 index)
   at Project.Log_in.btn_submit_Click(Object sender, EventArgs e) in c:\Users\INFINITY\Desktop\Project\Project\Log_in.cs:line 51

textBox1_TextChanged:
System.IndexOutOfRangeException: Index was outside the bounds of the array.
   at System.Windows.Forms.ListBox.ItemArray.GetItem(Int32 virtualIndex, Int32 stateMask)
   at System.Windows.Forms.ListBox.SelectedObjectCollection.get_Item(Int32 index)
   at Project.Log_in.btn_submit_Click(Object sender, EventArgs e) in c:\Users\INFINITY\Desktop\Project\Project\Log_in.cs:line 51

textBox1_TextChanged:
System.NullReferenceException: Object reference not set to an instance of an object.
   at Project.Log_in.btn_submit_Click(Object sender, EventArgs e) in c:\Users\INFINITY\Desktop\Project\Project\Log_in.cs:line 51

textBox1_TextChanged:
System.NullReferenceException: Object reference not set to an instance of an object.
   at Project.Log_in.btn_submit_Click(Object sender, EventArgs e) in c:\Users\INFINITY\Desktop\Project\Project\Log_in.cs:line 51

textBox1_TextChanged:
System.NullReferenceException: Object reference not set to an instance of an object.
   at Project.Log_in.btn_submit_Click(Object sender, EventArgs e) in c:\Users\INFINITY\Desktop\Project\Project\Log_in.cs:line 51

textBox1_TextChanged:
System.NullReferenceException: Object reference not set to an instance of an object.
   at Project.Log_in.btn_submit_Click(Object sender, EventArgs e) in c:\Users\INFINITY\Desktop\Project\Project\Log_in.cs:line 51

textBox1_TextChanged:
System.NullReferenceException: Object reference not set to an instance of an object.
   at Project.Log_in.btn_submit_Click(Object sender, EventArgs e) in c:\Users\INFINITY\Desktop\Project\Project\Log_in.cs:line 51

textBox1_TextChanged:
System.NullReferenceException: Object reference not set to an instance of an object.
   at Project.Log_in.btn_submit_Click(Object sender, EventArgs e) in c:\Users\INFINITY\Desktop\Project\Project\Log_in.cs:line 51

textBox1_TextChanged:
System.NullReferenceException: Object reference not set to an instance of an object.
   at Project.Log_in.btn_submit_Click(Object sender, EventArgs e) in c:\Users\INFINITY\Desktop\Project\Project\Log_in.cs:line 51

btn_insert_Click(SQL_ERROR):
System.Data.SqlClient.SqlException (0x80131904): Invalid object name 'account'.
   at System.Data.SqlClient.SqlConnection.OnError(SqlException exception, Boolean breakConnection, Action`1 wrapCloseInAction)
   at System.Data.SqlClient.SqlInternalConnection.OnError(SqlException exception, Boolean breakConnection, Action`1 wrapCloseInAction)
   at System.Data.SqlClient.TdsParser.ThrowExceptionAndWarning(TdsParserStateObject stateObj, Boolean callerHasConnectionLock, Boolean asyncClose)
   at System.Data.SqlClient.TdsParser.TryRun(RunBehavior runBehavior, SqlCommand cmdHandler, SqlDataReader dataStream, BulkCopySimpleResultSet bulkCopyHandler, TdsParserStateObject stateObj, Boolean& dataReady)
   at System.Data.SqlClient.SqlDataReader.TryConsumeMetaData()
   at System.Data.SqlClient.SqlDataReader.get_MetaData()
   at System.Data.SqlClient.SqlCommand.FinishExecuteReader(SqlDataReader ds, RunBehavior runBehavior, String resetOptionsString, Boolean isInternal, Boolean forDescribeParameterEncryption, Boolean shouldCacheForAlwaysEncrypted)
   at System.Data.SqlClient.SqlCommand.RunExecuteReaderTds(CommandBehavior cmdBehavior, RunBehavior runBehavior, Boolean returnStream, Boolean async, Int32 timeout, Task& task, Boolean asyncWrite, Boolean inRetry, SqlDataReader ds, Boolean describeParameterEncryptionRequest)
   at System.Data.SqlClient.SqlCommand.RunExecuteReader(CommandBehavior cmdBehavior, RunBehavior runBehavior, Boolean returnStream, String method, TaskCompletionSource`1 completion, Int32 timeout, Task& task, Boolean& usedCache, Boolean asyncWrite, Boolean inRetry)
   at System.Data.SqlClient.SqlCommand.RunExecuteReader(CommandBehavior cmdBehavior, RunBehavior runBehavior, Boolean returnStream, String method)
   at System.Data.SqlClient.SqlCommand.ExecuteReader(CommandBehavior behavior, String method)
   at System.Data.SqlClient.SqlCommand.ExecuteDbDataReader(CommandBehavior behavior)
   at System.Data.Common.DbCommand.System.Data.IDbCommand.ExecuteReader(CommandBehavior behavior)
   at System.Data.Common.DbDataAdapter.FillInternal(DataSet dataset, DataTable[] datatables, Int32 startRecord, Int32 maxRecords, String srcTable, IDbCommand command, CommandBehavior behavior)
   at System.Data.Common.DbDataAdapter.Fill(DataTable[] dataTables, Int32 startRecord, Int32 maxRecords, IDbCommand command, CommandBehavior behavior)
   at System.Data.Common.DbDataAdapter.Fill(DataTable dataTable)
   at Project.Sign_in.btn_submit_Click(Object sender, EventArgs e) in c:\Users\INFINITY\Desktop\Project - Login & Register Designed\Project\Sign_in.cs:line 37
ClientConnectionId:d33ac8c8-b2f1-4115-a169-53ee77af10b9
Error Number:208,State:1,Class:16

btn_insert_Click(SQL_ERROR):
System.Data.SqlClient.SqlException (0x80131904): Invalid object name 'account'.
   at System.Data.SqlClient.SqlConnection.OnError(SqlException exception, Boolean breakConnection, Action`1 wrapCloseInAction)
   at System.Data.SqlClient.SqlInternalConnection.OnError(SqlException exception, Boolean breakConnection, Action`1 wrapCloseInAction)
   at System.Data.SqlClient.TdsParser.ThrowExceptionAndWarning(TdsParserStateObject stateObj, Boolean callerHasConnectionLock, Boolean asyncClose)
   at System.Data.SqlClient.TdsParser.TryRun(RunBehavior runBehavior, SqlCommand cmdHandler, SqlDataReader dataStream, BulkCopySimpleResultSet bulkCopyHandler, TdsParserStateObject stateObj, Boolean& dataReady)
   at System.Data.SqlClient.SqlDataReader.TryConsumeMetaData()
   at System.Data.SqlClient.SqlDataReader.get_MetaData()
   at System.Data.SqlClient.SqlCommand.FinishExecuteReader(SqlDataReader ds, RunBehavior runBehavior, String resetOptionsString, Boolean isInternal, Boolean forDescribeParameterEncryption, Boolean shouldCacheForAlwaysEncrypted)
   at System.Data.SqlClient.SqlCommand.RunExecuteReaderTds(CommandBehavior cmdBehavior, RunBehavior runBehavior, Boolean returnStream, Boolean async, Int32 timeout, Task& task, Boolean asyncWrite, Boolean inRetry, SqlDataReader ds, Boolean describeParameterEncryptionRequest)
   at System.Data.SqlClient.SqlCommand.RunExecuteReader(CommandBehavior cmdBehavior, RunBehavior runBehavior, Boolean returnStream, String method, TaskCompletionSource`1 completion, Int32 timeout, Task& task, Boolean& usedCache, Boolean asyncWrite, Boolean inRetry)
   at System.Data.SqlClient.SqlCommand.RunExecuteReader(CommandBehavior cmdBehavior, RunBehavior runBehavior, Boolean returnStream, String method)
   at System.Data.SqlClient.SqlCommand.ExecuteReader(CommandBehavior behavior, String method)
   at System.Data.SqlClient.SqlCommand.ExecuteDbDataReader(CommandBehavior behavior)
   at System.Data.Common.DbCommand.System.Data.IDbCommand.ExecuteReader(CommandBehavior behavior)
   at System.Data.Common.DbDataAdapter.FillInternal(DataSet dataset, DataTable[] datatables, Int32 startRecord, Int32 maxRecords, String srcTable, IDbCommand command, CommandBehavior behavior)
   at System.Data.Common.DbDataAdapter.Fill(DataTable[] dataTables, Int32 startRecord, Int32 maxRecords, IDbCommand command, CommandBehavior behavior)
   at System.Data.Common.DbDataAdapter.Fill(DataTable dataTable)
   at Project.Sign_in.btn_submit_Click(Object sender, EventArgs e) in c:\Users\INFINITY\Desktop\Project - Login & Register Designed\Project\Sign_in.cs:line 37
ClientConnectionId:d33ac8c8-b2f1-4115-a169-53ee77af10b9
Error Number:208,State:1,Class:16

btn_insert_Click(SQL_ERROR):
System.Data.SqlClient.SqlException (0x80131904): Incorrect syntax near the keyword 'where'.
   at System.Data.SqlClient.SqlConnection.OnError(SqlException exception, Boolean breakConnection, Action`1 wrapCloseInAction)
   at System.Data.SqlClient.SqlInternalConnection.OnError(SqlException exception, Boolean breakConnection, Action`1 wrapCloseInAction)
   at System.Data.SqlClient.TdsParser.ThrowExceptionAndWarning(TdsParserStateObject stateObj, Boolean callerHasConnectionLock, Boolean asyncClose)
   at System.Data.SqlClient.TdsParser.TryRun(RunBehavior runBehavior, SqlCommand cmdHandler, SqlDataReader dataStream, BulkCopySimpleResultSet bulkCopyHandler, TdsParserStateObject stateObj, Boolean& dataReady)
   at System.Data.SqlClient.SqlDataReader.TryConsumeMetaData()
   at System.Data.SqlClient.SqlDataReader.get_MetaData()
   at System.Data.SqlClient.SqlCommand.FinishExecuteReader(SqlDataReader ds, RunBehavior runBehavior, String resetOptionsString, Boolean isInternal, Boolean forDescribeParameterEncryption, Boolean shouldCacheForAlwaysEncrypted)
   at System.Data.SqlClient.SqlCommand.RunExecuteReaderTds(CommandBehavior cmdBehavior, RunBehavior runBehavior, Boolean returnStream, Boolean async, Int32 timeout, Task& task, Boolean asyncWrite, Boolean inRetry, SqlDataReader ds, Boolean describeParameterEncryptionRequest)
   at System.Data.SqlClient.SqlCommand.RunExecuteReader(CommandBehavior cmdBehavior, RunBehavior runBehavior, Boolean returnStream, String method, TaskCompletionSource`1 completion, Int32 timeout, Task& task, Boolean& usedCache, Boolean asyncWrite, Boolean inRetry)
   at System.Data.SqlClient.SqlCommand.RunExecuteReader(CommandBehavior cmdBehavior, RunBehavior runBehavior, Boolean returnStream, String method)
   at System.Data.SqlClient.SqlCommand.ExecuteReader(CommandBehavior behavior, String method)
   at System.Data.SqlClient.SqlCommand.ExecuteReader()
   at Project.Insert_game.btn_insert_Click(Object sender, EventArgs e) in c:\Users\INFINITY\Desktop\Project - login & register & main Designed\Project\Insert_game.cs:line 171
ClientConnectionId:9eb1e7fe-3236-41d6-8391-34783968f9f5
Error Number:156,State:1,Class:15

btn_insert_Click(SQL_ERROR):
System.Data.SqlClient.SqlException (0x80131904): Incorrect syntax near the keyword 'where'.
   at System.Data.SqlClient.SqlConnection.OnError(SqlException exception, Boolean breakConnection, Action`1 wrapCloseInAction)
   at System.Data.SqlClient.SqlInternalConnection.OnError(SqlException exception, Boolean breakConnection, Action`1 wrapCloseInAction)
   at System.Data.SqlClient.TdsParser.ThrowExceptionAndWarning(TdsParserStateObject stateObj, Boolean callerHasConnectionLock, Boolean asyncClose)
   at System.Data.SqlClient.TdsParser.TryRun(RunBehavior runBehavior, SqlCommand cmdHandler, SqlDataReader dataStream, BulkCopySimpleResultSet bulkCopyHandler, TdsParserStateObject stateObj, Boolean& dataReady)
   at System.Data.SqlClient.SqlDataReader.TryConsumeMetaData()
   at System.Data.SqlClient.SqlDataReader.get_MetaData()
   at System.Data.SqlClient.SqlCommand.FinishExecuteReader(SqlDataReader ds, RunBehavior runBehavior, String resetOptionsString, Boolean isInternal, Boolean forDescribeParameterEncryption, Boolean shouldCacheForAlwaysEncrypted)
   at System.Data.SqlClient.SqlCommand.RunExecuteReaderTds(CommandBehavior cmdBehavior, RunBehavior runBehavior, Boolean returnStream, Boolean async, Int32 timeout, Task& task, Boolean asyncWrite, Boolean inRetry, SqlDataReader ds, Boolean describeParameterEncryptionRequest)
   at System.Data.SqlClient.SqlCommand.RunExecuteReader(CommandBehavior cmdBehavior, RunBehavior runBehavior, Boolean returnStream, String method, TaskCompletionSource`1 completion, Int32 timeout, Task& task, Boolean& usedCache, Boolean asyncWrite, Boolean inRetry)
   at System.Data.SqlClient.SqlCommand.RunExecuteReader(CommandBehavior cmdBehavior, RunBehavior runBehavior, Boolean returnStream, String method)
   at System.Data.SqlClient.SqlCommand.ExecuteReader(CommandBehavior behavior, String method)
   at System.Data.SqlClient.SqlCommand.ExecuteReader()
   at Project.Insert_game.btn_insert_Click(Object sender, EventArgs e) in c:\Users\INFINITY\Desktop\Project - login & register & main Designed\Project\Insert_game.cs:line 171
ClientConnectionId:57738c91-7a03-4881-b086-407781deae71
Error Number:156,State:1,Class:15

btn_insert_Click(SQL_ERROR):
System.Data.SqlClient.SqlException (0x80131904): Incorrect syntax near the keyword 'where'.
   at System.Data.SqlClient.SqlConnection.OnError(SqlException exception, Boolean breakConnection, Action`1 wrapCloseInAction)
   at System.Data.SqlClient.SqlInternalConnection.OnError(SqlException exception, Boolean breakConnection, Action`1 wrapCloseInAction)
   at System.Data.SqlClient.TdsParser.ThrowExceptionAndWarning(TdsParserStateObject stateObj, Boolean callerHasConnectionLock, Boolean asyncClose)
   at System.Data.SqlClient.TdsParser.TryRun(RunBehavior runBehavior, SqlCommand cmdHandler, SqlDataReader dataStream, BulkCopySimpleResultSet bulkCopyHandler, TdsParserStateObject stateObj, Boolean& dataReady)
   at System.Data.SqlClient.SqlDataReader.TryConsumeMetaData()
   at System.Data.SqlClient.SqlDataReader.get_MetaData()
   at System.Data.SqlClient.SqlCommand.FinishExecuteReader(SqlDataReader ds, RunBehavior runBehavior, String resetOptionsString, Boolean isInternal, Boolean forDescribeParameterEncryption, Boolean shouldCacheForAlwaysEncrypted)
   at System.Data.SqlClient.SqlCommand.RunExecuteReaderTds(CommandBehavior cmdBehavior, RunBehavior runBehavior, Boolean returnStream, Boolean async, Int32 timeout, Task& task, Boolean asyncWrite, Boolean inRetry, SqlDataReader ds, Boolean describeParameterEncryptionRequest)
   at System.Data.SqlClient.SqlCommand.RunExecuteReader(CommandBehavior cmdBehavior, RunBehavior runBehavior, Boolean returnStream, String method, TaskCompletionSource`1 completion, Int32 timeout, Task& task, Boolean& usedCache, Boolean asyncWrite, Boolean inRetry)
   at System.Data.SqlClient.SqlCommand.RunExecuteReader(CommandBehavior cmdBehavior, RunBehavior runBehavior, Boolean returnStream, String method)
   at System.Data.SqlClient.SqlCommand.ExecuteReader(CommandBehavior behavior, String method)
   at System.Data.SqlClient.SqlCommand.ExecuteReader()
   at Project.Insert_game.btn_insert_Click(Object sender, EventArgs e) in c:\Users\INFINITY\Desktop\Project - login & register & main Designed\Project\Insert_game.cs:line 171
ClientConnectionId:75d3bd2c-ab18-45d6-88b1-8bcd97425c89
Error Number:156,State:1,Class:15

btn_insert_Click(SQL_ERROR):
System.Data.SqlClient.SqlException (0x80131904): Incorrect syntax near the keyword 'where'.
   at System.Data.SqlClient.SqlConnection.OnError(SqlException exception, Boolean breakConnection, Action`1 wrapCloseInAction)
   at System.Data.SqlClient.SqlInternalConnection.OnError(SqlException exception, Boolean breakConnection, Action`1 wrapCloseInAction)
   at System.Data.SqlClient.TdsParser.ThrowExceptionAndWarning(TdsParserStateObject stateObj, Boolean callerHasConnectionLock, Boolean asyncClose)
   at System.Data.SqlClient.TdsParser.TryRun(RunBehavior runBehavior, SqlCommand cmdHandler, SqlDataReader dataStream, BulkCopySimpleResultSet bulkCopyHandler, TdsParserStateObject stateObj, Boolean& dataReady)
   at System.Data.SqlClient.SqlDataReader.TryConsumeMetaData()
   at System.Data.SqlClient.SqlDataReader.get_MetaData()
   at System.Data.SqlClient.SqlCommand.FinishExecuteReader(SqlDataReader ds, RunBehavior runBehavior, String resetOptionsString, Boolean isInternal, Boolean forDescribeParameterEncryption, Boolean shouldCacheForAlwaysEncrypted)
   at System.Data.SqlClient.SqlCommand.RunExecuteReaderTds(CommandBehavior cmdBehavior, RunBehavior runBehavior, Boolean returnStream, Boolean async, Int32 timeout, Task& task, Boolean asyncWrite, Boolean inRetry, SqlDataReader ds, Boolean describeParameterEncryptionRequest)
   at System.Data.SqlClient.SqlCommand.RunExecuteReader(CommandBehavior cmdBehavior, RunBehavior runBehavior, Boolean returnStream, String method, TaskCompletionSource`1 completion, Int32 timeout, Task& task, Boolean& usedCache, Boolean asyncWrite, Boolean inRetry)
   at System.Data.SqlClient.SqlCommand.RunExecuteReader(CommandBehavior cmdBehavior, RunBehavior runBehavior, Boolean returnStream, String method)
   at System.Data.SqlClient.SqlCommand.ExecuteReader(CommandBehavior behavior, String method)
   at System.Data.SqlClient.SqlCommand.ExecuteReader()
   at Project.Insert_game.btn_insert_Click(Object sender, EventArgs e) in c:\Users\INFINITY\Desktop\Project - login & register & main Designed\Project\Insert_game.cs:line 171
ClientConnectionId:d6df2346-bf5a-4280-b03f-06766681859b
Error Number:156,State:1,Class:15

btn_insert_Click(SQL_ERROR):
System.Data.SqlClient.SqlException (0x80131904): Incorrect syntax near the keyword 'where'.
   at System.Data.SqlClient.SqlConnection.OnError(SqlException exception, Boolean breakConnection, Action`1 wrapCloseInAction)
   at System.Data.SqlClient.SqlInternalConnection.OnError(SqlException exception, Boolean breakConnection, Action`1 wrapCloseInAction)
   at System.Data.SqlClient.TdsParser.ThrowExceptionAndWarning(TdsParserStateObject stateObj, Boolean callerHasConnectionLock, Boolean asyncClose)
   at System.Data.SqlClient.TdsParser.TryRun(RunBehavior runBehavior, SqlCommand cmdHandler, SqlDataReader dataStream, BulkCopySimpleResultSet bulkCopyHandler, TdsParserStateObject stateObj, Boolean& dataReady)
   at System.Data.SqlClient.SqlDataReader.TryConsumeMetaData()
   at System.Data.SqlClient.SqlDataReader.get_MetaData()
   at System.Data.SqlClient.SqlCommand.FinishExecuteReader(SqlDataReader ds, RunBehavior runBehavior, String resetOptionsString, Boolean isInternal, Boolean forDescribeParameterEncryption, Boolean shouldCacheForAlwaysEncrypted)
   at System.Data.SqlClient.SqlCommand.RunExecuteReaderTds(CommandBehavior cmdBehavior, RunBehavior runBehavior, Boolean returnStream, Boolean async, Int32 timeout, Task& task, Boolean asyncWrite, Boolean inRetry, SqlDataReader ds, Boolean describeParameterEncryptionRequest)
   at System.Data.SqlClient.SqlCommand.RunExecuteReader(CommandBehavior cmdBehavior, RunBehavior runBehavior, Boolean returnStream, String method, TaskCompletionSource`1 completion, Int32 timeout, Task& task, Boolean& usedCache, Boolean asyncWrite, Boolean inRetry)
   at System.Data.SqlClient.SqlCommand.RunExecuteReader(CommandBehavior cmdBehavior, RunBehavior runBehavior, Boolean returnStream, String method)
   at System.Data.SqlClient.SqlCommand.ExecuteReader(CommandBehavior behavior, String method)
   at System.Data.SqlClient.SqlCommand.ExecuteReader()
   at Project.Insert_game.btn_insert_Click(Object sender, EventArgs e) in c:\Users\INFINITY\Desktop\Project - login & register & main Designed\Project\Insert_game.cs:line 171
ClientConnectionId:de0a0f52-8b18-4f8e-a98e-4fd621a7e409
Error Number:156,State:1,Class:15

btn_insert_Click(SQL_ERROR):
System.Data.SqlClient.SqlException (0x80131904): Incorrect syntax near the keyword 'where'.
   at System.Data.SqlClient.SqlConnection.OnError(SqlException exception, Boolean breakConnection, Action`1 wrapCloseInAction)
   at System.Data.SqlClient.SqlInternalConnection.OnError(SqlException exception, Boolean breakConnection, Action`1 wrapCloseInAction)
   at System.Data.SqlClient.TdsParser.ThrowExceptionAndWarning(TdsParserStateObject stateObj, Boolean callerHasConnectionLock, Boolean asyncClose)
   at System.Data.SqlClient.TdsParser.TryRun(RunBehavior runBehavior, SqlCommand cmdHandler, SqlDataReader dataStream, BulkCopySimpleResultSet bulkCopyHandler, TdsParserStateObject stateObj, Boolean& dataReady)
   at System.Data.SqlClient.SqlDataReader.TryConsumeMetaData()
   at System.Data.SqlClient.SqlDataReader.get_MetaData()
   at System.Data.SqlClient.SqlCommand.FinishExecuteReader(SqlDataReader ds, RunBehavior runBehavior, String resetOptionsString, Boolean isInternal, Boolean forDescribeParameterEncryption, Boolean shouldCacheForAlwaysEncrypted)
   at System.Data.SqlClient.SqlCommand.RunExecuteReaderTds(CommandBehavior cmdBehavior, RunBehavior runBehavior, Boolean returnStream, Boolean async, Int32 timeout, Task& task, Boolean asyncWrite, Boolean inRetry, SqlDataReader ds, Boolean describeParameterEncryptionRequest)
   at System.Data.SqlClient.SqlCommand.RunExecuteReader(CommandBehavior cmdBehavior, RunBehavior runBehavior, Boolean returnStream, String method, TaskCompletionSource`1 completion, Int32 timeout, Task& task, Boolean& usedCache, Boolean asyncWrite, Boolean inRetry)
   at System.Data.SqlClient.SqlCommand.RunExecuteReader(CommandBehavior cmdBehavior, RunBehavior runBehavior, Boolean returnStream, String method)
   at System.Data.SqlClient.SqlCommand.ExecuteReader(CommandBehavior behavior, String method)
   at System.Data.SqlClient.SqlCommand.ExecuteReader()
   at Project.Insert_game.btn_insert_Click(Object sender, EventArgs e) in c:\Users\INFINITY\Desktop\Project - login & register & main Designed\Project\Insert_game.cs:line 171
ClientConnectionId:d6df2346-bf5a-4280-b03f-06766681859b
Error Number:156,State:1,Class:15

btn_insert_Click(SQL_ERROR):
System.Data.SqlClient.SqlException (0x80131904): Incorrect syntax near the keyword 'where'.
   at System.Data.SqlClient.SqlConnection.OnError(SqlException exception, Boolean breakConnection, Action`1 wrapCloseInAction)
   at System.Data.SqlClient.SqlInternalConnection.OnError(SqlException exception, Boolean breakConnection, Action`1 wrapCloseInAction)
   at System.Data.SqlClient.TdsParser.ThrowExceptionAndWarning(TdsParserStateObject stateObj, Boolean callerHasConnectionLock, Boolean asyncClose)
   at System.Data.SqlClient.TdsParser.TryRun(RunBehavior runBehavior, SqlCommand cmdHandler, SqlDataReader dataStream, BulkCopySimpleResultSet bulkCopyHandler, TdsParserStateObject stateObj, Boolean& dataReady)
   at System.Data.SqlClient.SqlDataReader.TryConsumeMetaData()
   at System.Data.SqlClient.SqlDataReader.get_MetaData()
   at System.Data.SqlClient.SqlCommand.FinishExecuteReader(SqlDataReader ds, RunBehavior runBehavior, String resetOptionsString, Boolean isInternal, Boolean forDescribeParameterEncryption, Boolean shouldCacheForAlwaysEncrypted)
   at System.Data.SqlClient.SqlCommand.RunExecuteReaderTds(CommandBehavior cmdBehavior, RunBehavior runBehavior, Boolean returnStream, Boolean async, Int32 timeout, Task& task, Boolean asyncWrite, Boolean inRetry, SqlDataReader ds, Boolean describeParameterEncryptionRequest)
   at System.Data.SqlClient.SqlCommand.RunExecuteReader(CommandBehavior cmdBehavior, RunBehavior runBehavior, Boolean returnStream, String method, TaskCompletionSource`1 completion, Int32 timeout, Task& task, Boolean& usedCache, Boolean asyncWrite, Boolean inRetry)
   at System.Data.SqlClient.SqlCommand.RunExecuteReader(CommandBehavior cmdBehavior, RunBehavior runBehavior, Boolean returnStream, String method)
   at System.Data.SqlClient.SqlCommand.ExecuteReader(CommandBehavior behavior, String method)
   at System.Data.SqlClient.SqlCommand.ExecuteReader()
   at Project.Insert_game.btn_insert_Click(Object sender, EventArgs e) in c:\Users\INFINITY\Desktop\Project - login & register & main Designed\Project\Insert_game.cs:line 138
ClientConnectionId:7da23f81-4e8e-4ee3-b59c-4deec3736583
Error Number:156,State:1,Class:15

btn_insert_Click(SQL_ERROR):
System.Data.SqlClient.SqlException (0x80131904): Incorrect syntax near the keyword 'where'.
   at System.Data.SqlClient.SqlConnection.OnError(SqlException exception, Boolean breakConnection, Action`1 wrapCloseInAction)
   at System.Data.SqlClient.SqlInternalConnection.OnError(SqlException exception, Boolean breakConnection, Action`1 wrapCloseInAction)
   at System.Data.SqlClient.TdsParser.ThrowExceptionAndWarning(TdsParserStateObject stateObj, Boolean callerHasConnectionLock, Boolean asyncClose)
   at System.Data.SqlClient.TdsParser.TryRun(RunBehavior runBehavior, SqlCommand cmdHandler, SqlDataReader dataStream, BulkCopySimpleResultSet bulkCopyHandler, TdsParserStateObject stateObj, Boolean& dataReady)
   at System.Data.SqlClient.SqlDataReader.TryConsumeMetaData()
   at System.Data.SqlClient.SqlDataReader.get_MetaData()
   at System.Data.SqlClient.SqlCommand.FinishExecuteReader(SqlDataReader ds, RunBehavior runBehavior, String resetOptionsString, Boolean isInternal, Boolean forDescribeParameterEncryption, Boolean shouldCacheForAlwaysEncrypted)
   at System.Data.SqlClient.SqlCommand.RunExecuteReaderTds(CommandBehavior cmdBehavior, RunBehavior runBehavior, Boolean returnStream, Boolean async, Int32 timeout, Task& task, Boolean asyncWrite, Boolean inRetry, SqlDataReader ds, Boolean describeParameterEncryptionRequest)
   at System.Data.SqlClient.SqlCommand.RunExecuteReader(CommandBehavior cmdBehavior, RunBehavior runBehavior, Boolean returnStream, String method, TaskCompletionSource`1 completion, Int32 timeout, Task& task, Boolean& usedCache, Boolean asyncWrite, Boolean inRetry)
   at System.Data.SqlClient.SqlCommand.RunExecuteReader(CommandBehavior cmdBehavior, RunBehavior runBehavior, Boolean returnStream, String method)
   at System.Data.SqlClient.SqlCommand.ExecuteReader(CommandBehavior behavior, String method)
   at System.Data.SqlClient.SqlCommand.ExecuteReader()
   at Project.Insert_game.btn_insert_Click(Object sender, EventArgs e) in c:\Users\INFINITY\Desktop\Project - login & register & main Designed\Project\Insert_game.cs:line 151
ClientConnectionId:b539f0a0-d48d-458d-91e6-7ac9be29b86e
Error Number:156,State:1,Class:15

btn_insert_Click(SQL_ERROR):
System.Data.SqlClient.SqlException (0x80131904): Incorrect syntax near the keyword 'where'.
   at System.Data.SqlClient.SqlConnection.OnError(SqlException exception, Boolean breakConnection, Action`1 wrapCloseInAction)
   at System.Data.SqlClient.SqlInternalConnection.OnError(SqlException exception, Boolean breakConnection, Action`1 wrapCloseInAction)
   at System.Data.SqlClient.TdsParser.ThrowExceptionAndWarning(TdsParserStateObject stateObj, Boolean callerHasConnectionLock, Boolean asyncClose)
   at System.Data.SqlClient.TdsParser.TryRun(RunBehavior runBehavior, SqlCommand cmdHandler, SqlDataReader dataStream, BulkCopySimpleResultSet bulkCopyHandler, TdsParserStateObject stateObj, Boolean& dataReady)
   at System.Data.SqlClient.SqlDataReader.TryConsumeMetaData()
   at System.Data.SqlClient.SqlDataReader.get_MetaData()
   at System.Data.SqlClient.SqlCommand.FinishExecuteReader(SqlDataReader ds, RunBehavior runBehavior, String resetOptionsString, Boolean isInternal, Boolean forDescribeParameterEncryption, Boolean shouldCacheForAlwaysEncrypted)
   at System.Data.SqlClient.SqlCommand.RunExecuteReaderTds(CommandBehavior cmdBehavior, RunBehavior runBehavior, Boolean returnStream, Boolean async, Int32 timeout, Task& task, Boolean asyncWrite, Boolean inRetry, SqlDataReader ds, Boolean describeParameterEncryptionRequest)
   at System.Data.SqlClient.SqlCommand.RunExecuteReader(CommandBehavior cmdBehavior, RunBehavior runBehavior, Boolean returnStream, String method, TaskCompletionSource`1 completion, Int32 timeout, Task& task, Boolean& usedCache, Boolean asyncWrite, Boolean inRetry)
   at System.Data.SqlClient.SqlCommand.RunExecuteReader(CommandBehavior cmdBehavior, RunBehavior runBehavior, Boolean returnStream, String method)
   at System.Data.SqlClient.SqlCommand.ExecuteReader(CommandBehavior behavior, String method)
   at System.Data.SqlClient.SqlCommand.ExecuteReader()
   at Project.Insert_game.btn_insert_Click(Object sender, EventArgs e) in c:\Users\INFINITY\Desktop\Project - login & register & main Designed\Project\Insert_game.cs:line 59
ClientConnectionId:9315083c-d1b5-4c8a-8357-d7fe4650f3d1
Error Number:156,State:1,Class:15

btn_insert_Click(SQL_ERROR):
System.Data.SqlClient.SqlException (0x80131904): Incorrect syntax near the keyword 'where'.
   at System.Data.SqlClient.SqlConnection.OnError(SqlException exception, Boolean breakConnection, Action`1 wrapCloseInAction)
   at System.Data.SqlClient.SqlInternalConnection.OnError(SqlException exception, Boolean breakConnection, Action`1 wrapCloseInAction)
   at System.Data.SqlClient.TdsParser.ThrowExceptionAndWarning(TdsParserStateObject stateObj, Boolean callerHasConnectionLock, Boolean asyncClose)
   at System.Data.SqlClient.TdsParser.TryRun(RunBehavior runBehavior, SqlCommand cmdHandler, SqlDataReader dataStream, BulkCopySimpleResultSet bulkCopyHandler, TdsParserStateObject stateObj, Boolean& dataReady)
   at System.Data.SqlClient.SqlDataReader.TryConsumeMetaData()
   at System.Data.SqlClient.SqlDataReader.get_MetaData()
   at System.Data.SqlClient.SqlCommand.FinishExecuteReader(SqlDataReader ds, RunBehavior runBehavior, String resetOptionsString, Boolean isInternal, Boolean forDescribeParameterEncryption, Boolean shouldCacheForAlwaysEncrypted)
   at System.Data.SqlClient.SqlCommand.RunExecuteReaderTds(CommandBehavior cmdBehavior, RunBehavior runBehavior, Boolean returnStream, Boolean async, Int32 timeout, Task& task, Boolean asyncWrite, Boolean inRetry, SqlDataReader ds, Boolean describeParameterEncryptionRequest)
   at System.Data.SqlClient.SqlCommand.RunExecuteReader(CommandBehavior cmdBehavior, RunBehavior runBehavior, Boolean returnStream, String method, TaskCompletionSource`1 completion, Int32 timeout, Task& task, Boolean& usedCache, Boolean asyncWrite, Boolean inRetry)
   at System.Data.SqlClient.SqlCommand.RunExecuteReader(CommandBehavior cmdBehavior, RunBehavior runBehavior, Boolean returnStream, String method)
   at System.Data.SqlClient.SqlCommand.ExecuteReader(CommandBehavior behavior, String method)
   at System.Data.SqlClient.SqlCommand.ExecuteReader()
   at Project.Insert_game.btn_insert_Click(Object sender, EventArgs e) in c:\Users\INFINITY\Desktop\Project - login & register & main Designed\Project\Insert_game.cs:line 151
ClientConnectionId:9315083c-d1b5-4c8a-8357-d7fe4650f3d1
Error Number:156,State:1,Class:15

btn_insert_Click(SQL_ERROR):
System.Data.SqlClient.SqlException (0x80131904): Incorrect syntax near the keyword 'where'.
   at System.Data.SqlClient.SqlConnection.OnError(SqlException exception, Boolean breakConnection, Action`1 wrapCloseInAction)
   at System.Data.SqlClient.SqlInternalConnection.OnError(SqlException exception, Boolean breakConnection, Action`1 wrapCloseInAction)
   at System.Data.SqlClient.TdsParser.ThrowExceptionAndWarning(TdsParserStateObject stateObj, Boolean callerHasConnectionLock, Boolean asyncClose)
   at System.Data.SqlClient.TdsParser.TryRun(RunBehavior runBehavior, SqlCommand cmdHandler, SqlDataReader dataStream, BulkCopySimpleResultSet bulkCopyHandler, TdsParserStateObject stateObj, Boolean& dataReady)
   at System.Data.SqlClient.SqlDataReader.TryConsumeMetaData()
   at System.Data.SqlClient.SqlDataReader.get_MetaData()
   at System.Data.SqlClient.SqlCommand.FinishExecuteReader(SqlDataReader ds, RunBehavior runBehavior, String resetOptionsString, Boolean isInternal, Boolean forDescribeParameterEncryption, Boolean shouldCacheForAlwaysEncrypted)
   at System.Data.SqlClient.SqlCommand.RunExecuteReaderTds(CommandBehavior cmdBehavior, RunBehavior runBehavior, Boolean returnStream, Boolean async, Int32 timeout, Task& task, Boolean asyncWrite, Boolean inRetry, SqlDataReader ds, Boolean describeParameterEncryptionRequest)
   at System.Data.SqlClient.SqlCommand.RunExecuteReader(CommandBehavior cmdBehavior, RunBehavior runBehavior, Boolean returnStream, String method, TaskCompletionSource`1 completion, Int32 timeout, Task& task, Boolean& usedCache, Boolean asyncWrite, Boolean inRetry)
   at System.Data.SqlClient.SqlCommand.RunExecuteReader(CommandBehavior cmdBehavior, RunBehavior runBehavior, Boolean returnStream, String method)
   at System.Data.SqlClient.SqlCommand.ExecuteReader(CommandBehavior behavior, String method)
   at System.Data.SqlClient.SqlCommand.ExecuteReader()
   at Project.Insert_game.btn_insert_Click(Object sender, EventArgs e) in c:\Users\INFINITY\Desktop\Project - login & register & main Designed\Project\Insert_game.cs:line 151
ClientConnectionId:b539f0a0-d48d-458d-91e6-7ac9be29b86e
Error Number:156,State:1,Class:15

btn_insert_Click(SQL_ERROR):
System.Data.SqlClient.SqlException (0x80131904): Incorrect syntax near the keyword 'where'.
   at System.Data.SqlClient.SqlConnection.OnError(SqlException exception, Boolean breakConnection, Action`1 wrapCloseInAction)
   at System.Data.SqlClient.SqlInternalConnection.OnError(SqlException exception, Boolean breakConnection, Action`1 wrapCloseInAction)
   at System.Data.SqlClient.TdsParser.ThrowExceptionAndWarning(TdsParserStateObject stateObj, Boolean callerHasConnectionLock, Boolean asyncClose)
   at System.Data.SqlClient.TdsParser.TryRun(RunBehavior runBehavior, SqlCommand cmdHandler, SqlDataReader dataStream, BulkCopySimpleResultSet bulkCopyHandler, TdsParserStateObject stateObj, Boolean& dataReady)
   at System.Data.SqlClient.SqlDataReader.TryConsumeMetaData()
   at System.Data.SqlClient.SqlDataReader.get_MetaData()
   at System.Data.SqlClient.SqlCommand.FinishExecuteReader(SqlDataReader ds, RunBehavior runBehavior, String resetOptionsString, Boolean isInternal, Boolean forDescribeParameterEncryption, Boolean shouldCacheForAlwaysEncrypted)
   at System.Data.SqlClient.SqlCommand.RunExecuteReaderTds(CommandBehavior cmdBehavior, RunBehavior runBehavior, Boolean returnStream, Boolean async, Int32 timeout, Task& task, Boolean asyncWrite, Boolean inRetry, SqlDataReader ds, Boolean describeParameterEncryptionRequest)
   at System.Data.SqlClient.SqlCommand.RunExecuteReader(CommandBehavior cmdBehavior, RunBehavior runBehavior, Boolean returnStream, String method, TaskCompletionSource`1 completion, Int32 timeout, Task& task, Boolean& usedCache, Boolean asyncWrite, Boolean inRetry)
   at System.Data.SqlClient.SqlCommand.RunExecuteReader(CommandBehavior cmdBehavior, RunBehavior runBehavior, Boolean returnStream, String method)
   at System.Data.SqlClient.SqlCommand.ExecuteReader(CommandBehavior behavior, String method)
   at System.Data.SqlClient.SqlCommand.ExecuteReader()
   at Project.Insert_game.btn_insert_Click(Object sender, EventArgs e) in c:\Users\INFINITY\Desktop\Project - login & register & main Designed\Project\Insert_game.cs:line 151
ClientConnectionId:a35155d8-7628-4535-b97b-4a3af83e749b
Error Number:156,State:1,Class:15

btn_insert_Click(SQL_ERROR):
System.Data.SqlClient.SqlException (0x80131904): Incorrect syntax near the keyword 'where'.
   at System.Data.SqlClient.SqlConnection.OnError(SqlException exception, Boolean breakConnection, Action`1 wrapCloseInAction)
   at System.Data.SqlClient.SqlInternalConnection.OnError(SqlException exception, Boolean breakConnection, Action`1 wrapCloseInAction)
   at System.Data.SqlClient.TdsParser.ThrowExceptionAndWarning(TdsParserStateObject stateObj, Boolean callerHasConnectionLock, Boolean asyncClose)
   at System.Data.SqlClient.TdsParser.TryRun(RunBehavior runBehavior, SqlCommand cmdHandler, SqlDataReader dataStream, BulkCopySimpleResultSet bulkCopyHandler, TdsParserStateObject stateObj, Boolean& dataReady)
   at System.Data.SqlClient.SqlDataReader.TryConsumeMetaData()
   at System.Data.SqlClient.SqlDataReader.get_MetaData()
   at System.Data.SqlClient.SqlCommand.FinishExecuteReader(SqlDataReader ds, RunBehavior runBehavior, String resetOptionsString, Boolean isInternal, Boolean forDescribeParameterEncryption, Boolean shouldCacheForAlwaysEncrypted)
   at System.Data.SqlClient.SqlCommand.RunExecuteReaderTds(CommandBehavior cmdBehavior, RunBehavior runBehavior, Boolean returnStream, Boolean async, Int32 timeout, Task& task, Boolean asyncWrite, Boolean inRetry, SqlDataReader ds, Boolean describeParameterEncryptionRequest)
   at System.Data.SqlClient.SqlCommand.RunExecuteReader(CommandBehavior cmdBehavior, RunBehavior runBehavior, Boolean returnStream, String method, TaskCompletionSource`1 completion, Int32 timeout, Task& task, Boolean& usedCache, Boolean asyncWrite, Boolean inRetry)
   at System.Data.SqlClient.SqlCommand.RunExecuteReader(CommandBehavior cmdBehavior, RunBehavior runBehavior, Boolean returnStream, String method)
   at System.Data.SqlClient.SqlCommand.ExecuteReader(CommandBehavior behavior, String method)
   at System.Data.SqlClient.SqlCommand.ExecuteReader()
   at Project.Insert_game.btn_insert_Click(Object sender, EventArgs e) in c:\Users\INFINITY\Desktop\Project - login & register & main Designed\Project\Insert_game.cs:line 151
ClientConnectionId:8913b4f0-3d43-4b09-a34d-528eed6226d2
Error Number:156,State:1,Class:15

btn_insert_Click(SQL_ERROR):
System.Data.SqlClient.SqlException (0x80131904): Incorrect syntax near the keyword 'where'.
   at System.Data.SqlClient.SqlConnection.OnError(SqlException exception, Boolean breakConnection, Action`1 wrapCloseInAction)
   at System.Data.SqlClient.SqlInternalConnection.OnError(SqlException exception, Boolean breakConnection, Action`1 wrapCloseInAction)
   at System.Data.SqlClient.TdsParser.ThrowExceptionAndWarning(TdsParserStateObject stateObj, Boolean callerHasConnectionLock, Boolean asyncClose)
   at System.Data.SqlClient.TdsParser.TryRun(RunBehavior runBehavior, SqlCommand cmdHandler, SqlDataReader dataStream, BulkCopySimpleResultSet bulkCopyHandler, TdsParserStateObject stateObj, Boolean& dataReady)
   at System.Data.SqlClient.SqlDataReader.TryConsumeMetaData()
   at System.Data.SqlClient.SqlDataReader.get_MetaData()
   at System.Data.SqlClient.SqlCommand.FinishExecuteReader(SqlDataReader ds, RunBehavior runBehavior, String resetOptionsString, Boolean isInternal, Boolean forDescribeParameterEncryption, Boolean shouldCacheForAlwaysEncrypted)
   at System.Data.SqlClient.SqlCommand.RunExecuteReaderTds(CommandBehavior cmdBehavior, RunBehavior runBehavior, Boolean returnStream, Boolean async, Int32 timeout, Task& task, Boolean asyncWrite, Boolean inRetry, SqlDataReader ds, Boolean describeParameterEncryptionRequest)
   at System.Data.SqlClient.SqlCommand.RunExecuteReader(CommandBehavior cmdBehavior, RunBehavior runBehavior, Boolean returnStream, String method, TaskCompletionSource`1 completion, Int32 timeout, Task& task, Boolean& usedCache, Boolean asyncWrite, Boolean inRetry)
   at System.Data.SqlClient.SqlCommand.RunExecuteReader(CommandBehavior cmdBehavior, RunBehavior runBehavior, Boolean returnStream, String method)
   at System.Data.SqlClient.SqlCommand.ExecuteReader(CommandBehavior behavior, String method)
   at System.Data.SqlClient.SqlCommand.ExecuteReader()
   at Project.Insert_game.btn_insert_Click(Object sender, EventArgs e) in c:\Users\INFINITY\Desktop\Project - login & register & main Designed\Project\Insert_game.cs:line 151
ClientConnectionId:a35155d8-7628-4535-b97b-4a3af83e749b
Error Number:156,State:1,Class:15

btn_insert_Click:
System.InvalidCastException: Object cannot be cast from DBNull to other types.
   at System.DBNull.System.IConvertible.ToInt32(IFormatProvider provider)
   at System.Convert.ToInt32(Object value)
   at Project.Insert_game.btn_insert_Click(Object sender, EventArgs e) in c:\Users\INFINITY\Desktop\Project - login & register & main Designed\Project\Insert_game.cs:line 155

btn_insert_Click:
System.InvalidCastException: Object cannot be cast from DBNull to other types.
   at System.DBNull.System.IConvertible.ToInt32(IFormatProvider provider)
   at System.Convert.ToInt32(Object value)
   at Project.Insert_game.btn_insert_Click(Object sender, EventArgs e) in c:\Users\INFINITY\Desktop\Project - login & register & main Designed\Project\Insert_game.cs:line 155

btn_insert_Click:
System.InvalidCastException: Object cannot be cast from DBNull to other types.
   at System.DBNull.System.IConvertible.ToInt32(IFormatProvider provider)
   at System.Convert.ToInt32(Object value)
   at Project.Insert_game.btn_insert_Click(Object sender, EventArgs e) in c:\Users\INFINITY\Desktop\Project - login & register & main Designed\Project\Insert_game.cs:line 155

btn_insert_Click:
System.InvalidCastException: Object cannot be cast from DBNull to other types.
   at System.DBNull.System.IConvertible.ToInt32(IFormatProvider provider)
   at System.Convert.ToInt32(Object value)
   at Project.Insert_game.btn_insert_Click(Object sender, EventArgs e) in c:\Users\INFINITY\Desktop\Project - login & register & main Designed\Project\Insert_game.cs:line 155

btn_insert_Click:
System.InvalidCastException: Object cannot be cast from DBNull to other types.
   at System.DBNull.System.IConvertible.ToInt32(IFormatProvider provider)
   at System.Convert.ToInt32(Object value)
   at Project.Insert_game.btn_insert_Click(Object sender, EventArgs e) in c:\Users\INFINITY\Desktop\Project - login & register & main Designed\Project\Insert_game.cs:line 155

btn_insert_Click:
System.InvalidCastException: Object cannot be cast from DBNull to other types.
   at System.DBNull.System.IConvertible.ToInt32(IFormatProvider provider)
   at System.Convert.ToInt32(Object value)
   at Project.Insert_game.btn_insert_Click(Object sender, EventArgs e) in c:\Users\INFINITY\Desktop\Project - login & register & main Designed\Project\Insert_game.cs:line 155

btn_insert_Click:
System.InvalidCastException: Object cannot be cast from DBNull to other types.
   at System.DBNull.System.IConvertible.ToInt32(IFormatProvider provider)
   at System.Convert.ToInt32(Object value)
   at Project.Insert_game.btn_insert_Click(Object sender, EventArgs e) in c:\Users\INFINITY\Desktop\Project - login & register & main Designed\Project\Insert_game.cs:line 155

btn_insert_Click:
System.InvalidCastException: Object cannot be cast from DBNull to other types.
   at System.DBNull.System.IConvertible.ToInt32(IFormatProvider provider)
   at System.Convert.ToInt32(Object value)
   at Project.Insert_game.btn_insert_Click(Object sender, EventArgs e) in c:\Users\INFINITY\Desktop\Project - login & register & main Designed\Project\Insert_game.cs:line 155

btn_insert_Click:
System.InvalidCastException: Object cannot be cast from DBNull to other types.
   at System.DBNull.System.IConvertible.ToInt32(IFormatProvider provider)
   at System.Convert.ToInt32(Object value)
   at Project.Insert_game.btn_insert_Click(Object sender, EventArgs e) in c:\Users\INFINITY\Desktop\Project - login & register & main Designed\Project\Insert_game.cs:line 155

btn_insert_Click:
System.InvalidCastException: Object cannot be cast from DBNull to other types.
   at System.DBNull.System.IConvertible.ToInt32(IFormatProvider provider)
   at System.Convert.ToInt32(Object value)
   at Project.Insert_game.btn_insert_Click(Object sender, EventArgs e) in c:\Users\INFINITY\Desktop\Project - login & register & main Designed\Project\Insert_game.cs:line 155

btn_insert_Click:
System.InvalidCastException: Object cannot be cast from DBNull to other types.
   at System.DBNull.System.IConvertible.ToInt32(IFormatProvider provider)
   at System.Convert.ToInt32(Object value)
   at Project.Insert_game.btn_insert_Click(Object sender, EventArgs e) in c:\Users\INFINITY\Desktop\Project - login & register & main Designed\Project\Insert_game.cs:line 155

btn_insert_Click:
System.InvalidCastException: Object cannot be cast from DBNull to other types.
   at System.DBNull.System.IConvertible.ToInt32(IFormatProvider provider)
   at System.Convert.ToInt32(Object value)
   at Project.Insert_game.btn_insert_Click(Object sender, EventArgs e) in c:\Users\INFINITY\Desktop\Project - login & register & main Designed\Project\Insert_game.cs:line 82

btn_insert_Click:
System.InvalidCastException: Object cannot be cast from DBNull to other types.
   at System.DBNull.System.IConvertible.ToInt32(IFormatProvider provider)
   at System.Convert.ToInt32(Object value)
   at Project.Insert_game.btn_insert_Click(Object sender, EventArgs e) in c:\Users\INFINITY\Desktop\Project - login & register & main Designed\Project\Insert_game.cs:line 155

btn_insert_Click:
System.InvalidCastException: Object cannot be cast from DBNull to other types.
   at System.DBNull.System.IConvertible.ToInt32(IFormatProvider provider)
   at System.Convert.ToInt32(Object value)
   at Project.Insert_game.btn_insert_Click(Object sender, EventArgs e) in c:\Users\INFINITY\Desktop\Project - login & register & main Designed\Project\Insert_game.cs:line 155

btn_insert_Click:
System.InvalidCastException: Object cannot be cast from DBNull to other types.
   at System.DBNull.System.IConvertible.ToInt32(IFormatProvider provider)
   at System.Convert.ToInt32(Object value)
   at Project.Insert_game.btn_insert_Click(Object sender, EventArgs e) in c:\Users\INFINITY\Desktop\Project - login & register & main Designed\Project\Insert_game.cs:line 155

btn_insert_Click:
System.InvalidCastException: Object cannot be cast from DBNull to other types.
   at System.DBNull.System.IConvertible.ToInt32(IFormatProvider provider)
   at System.Convert.ToInt32(Object value)
   at Project.Insert_game.btn_insert_Click(Object sender, EventArgs e) in c:\Users\INFINITY\Desktop\Project - login & register & main Designed\Project\Insert_game.cs:line 155

btn_insert_Click:
System.InvalidCastException: Object cannot be cast from DBNull to other types.
   at System.DBNull.System.IConvertible.ToInt32(IFormatProvider provider)
   at System.Convert.ToInt32(Object value)
   at Project.Insert_game.btn_insert_Click(Object sender, EventArgs e) in c:\Users\INFINITY\Desktop\Project - login & register & main Designed\Project\Insert_game.cs:line 155

btn_insert_Click:
System.InvalidCastException: Object cannot be cast from DBNull to other types.
   at System.DBNull.System.IConvertible.ToInt32(IFormatProvider provider)
   at System.Convert.ToInt32(Object value)
   at Project.Insert_game.btn_insert_Click(Object sender, EventArgs e) in c:\Users\INFINITY\Desktop\Project - login & register & main Designed\Project\Insert_game.cs:line 172

btn_insert_Click:
System.InvalidCastException: Object cannot be cast from DBNull to other types.
   at System.DBNull.System.IConvertible.ToInt32(IFormatProvider provider)
   at System.Convert.ToInt32(Object value)
   at Project.Insert_game.btn_insert_Click(Object sender, EventArgs e) in c:\Users\INFINITY\Desktop\Project - login & register & main Designed\Project\Insert_game.cs:line 172

btn_insert_Click:
System.InvalidCastException: Object cannot be cast from DBNull to other types.
   at System.DBNull.System.IConvertible.ToInt32(IFormatProvider provider)
   at System.Convert.ToInt32(Object value)
   at Project.Insert_game.btn_insert_Click(Object sender, EventArgs e) in c:\Users\INFINITY\Desktop\Project - login & register & main Designed\Project\Insert_game.cs:line 172

btn_insert_Click:
System.InvalidCastException: Object cannot be cast from DBNull to other types.
   at System.DBNull.System.IConvertible.ToInt32(IFormatProvider provider)
   at System.Convert.ToInt32(Object value)
   at Project.Insert_game.btn_insert_Click(Object sender, EventArgs e) in c:\Users\INFINITY\Desktop\Project - login & register & main Designed\Project\Insert_game.cs:line 172

btn_insert_Click:
System.InvalidCastException: Object cannot be cast from DBNull to other types.
   at System.DBNull.System.IConvertible.ToInt32(IFormatProvider provider)
   at System.Convert.ToInt32(Object value)
   at Project.Insert_game.btn_insert_Click(Object sender, EventArgs e) in c:\Users\INFINITY\Desktop\Project - login & register & main Designed\Project\Insert_game.cs:line 172

btn_insert_Click:
System.InvalidCastException: Object cannot be cast from DBNull to other types.
   at System.DBNull.System.IConvertible.ToInt32(IFormatProvider provider)
   at System.Convert.ToInt32(Object value)
   at Project.Insert_game.btn_insert_Click(Object sender, EventArgs e) in c:\Users\INFINITY\Desktop\Project - login & register & main Designed\Project\Insert_game.cs:line 172

btn_insert_Click:
System.InvalidCastException: Object cannot be cast from DBNull to other types.
   at System.DBNull.System.IConvertible.ToInt32(IFormatProvider provider)
   at System.Convert.ToInt32(Object value)
   at Project.Insert_game.btn_insert_Click(Object sender, EventArgs e) in c:\Users\INFINITY\Desktop\Project - login & register & main Designed\Project\Insert_game.cs:line 172

btn_insert_Click:
System.InvalidCastException: Object cannot be cast from DBNull to other types.
   at System.DBNull.System.IConvertible.ToInt32(IFormatProvider provider)
   at System.Convert.ToInt32(Object value)
   at Project.Insert_game.btn_insert_Click(Object sender, EventArgs e) in c:\Users\INFINITY\Desktop\Project - login & register & main Designed\Project\Insert_game.cs:line 61

btn_insert_Click:
System.InvalidCastException: Object cannot be cast from DBNull to other types.
   at System.DBNull.System.IConvertible.ToInt32(IFormatProvider provider)
   at System.Convert.ToInt32(Object value)
   at Project.Insert_game.btn_insert_Click(Object sender, EventArgs e) in c:\Users\INFINITY\Desktop\Project - login & register & main Designed\Project\Insert_game.cs:line 61

btn_insert_Click:
System.InvalidCastException: Object cannot be cast from DBNull to other types.
   at System.DBNull.System.IConvertible.ToInt32(IFormatProvider provider)
   at System.Convert.ToInt32(Object value)
   at Project.Insert_game.btn_insert_Click(Object sender, EventArgs e) in c:\Users\INFINITY\Desktop\Project - login & register & main Designed\Project\Insert_game.cs:line 61

btn_insert_Click:
System.InvalidCastException: Object cannot be cast from DBNull to other types.
   at System.DBNull.System.IConvertible.ToInt32(IFormatProvider provider)
   at System.Convert.ToInt32(Object value)
   at Project.Insert_game.btn_insert_Click(Object sender, EventArgs e) in c:\Users\INFINITY\Desktop\Project - login & register & main Designed\Project\Insert_game.cs:line 61

btn_insert_Click:
System.InvalidCastException: Object cannot be cast from DBNull to other types.
   at System.DBNull.System.IConvertible.ToInt32(IFormatProvider provider)
   at System.Convert.ToInt32(Object value)
   at Project.Insert_game.btn_insert_Click(Object sender, EventArgs e) in c:\Users\INFINITY\Desktop\Project - login & register & main Designed\Project\Insert_game.cs:line 61

btn_insert_Click:
System.InvalidCastException: Object cannot be cast from DBNull to other types.
   at System.DBNull.System.IConvertible.ToInt32(IFormatProvider provider)
   at System.Convert.ToInt32(Object value)
   at Project.Insert_game.btn_insert_Click(Object sender, EventArgs e) in c:\Users\INFINITY\Desktop\Project - login & register & main Designed\Project\Insert_game.cs:line 61

btn_insert_Click:
System.InvalidCastException: Object cannot be cast from DBNull to other types.
   at System.DBNull.System.IConvertible.ToInt32(IFormatProvider provider)
   at System.Convert.ToInt32(Object value)
   at Project.Insert_game.btn_insert_Click(Object sender, EventArgs e) in c:\Users\INFINITY\Desktop\Project - login & register & main Designed\Project\Insert_game.cs:line 61

btn_insert_Click:
System.InvalidCastException: Object cannot be cast from DBNull to other types.
   at System.DBNull.System.IConvertible.ToInt32(IFormatProvider provider)
   at System.Convert.ToInt32(Object value)
   at Project.Insert_game.btn_insert_Click(Object sender, EventArgs e) in c:\Users\INFINITY\Desktop\Project - login & register & main Designed\Project\Insert_game.cs:line 61

btn_insert_Click:
System.InvalidCastException: Object cannot be cast from DBNull to other types.
   at System.DBNull.System.IConvertible.ToInt32(IFormatProvider provider)
   at System.Convert.ToInt32(Object value)
   at Project.Insert_game.btn_insert_Click(Object sender, EventArgs e) in c:\Users\INFINITY\Desktop\Project - login & register & main Designed\Project\Insert_game.cs:line 61

btn_insert_Click:
System.InvalidCastException: Object cannot be cast from DBNull to other types.
   at System.DBNull.System.IConvertible.ToInt32(IFormatProvider provider)
   at System.Convert.ToInt32(Object value)
   at Project.Insert_game.btn_insert_Click(Object sender, EventArgs e) in c:\Users\INFINITY\Desktop\Project - login & register & main Designed\Project\Insert_game.cs:line 61

btn_insert_Click:
System.InvalidCastException: Object cannot be cast from DBNull to other types.
   at System.DBNull.System.IConvertible.ToInt32(IFormatProvider provider)
   at System.Convert.ToInt32(Object value)
   at Project.Insert_game.btn_insert_Click(Object sender, EventArgs e) in c:\Users\INFINITY\Desktop\Project - login & register & main Designed\Project\Insert_game.cs:line 63

